c:\users\v8101058\source\new folder\project4\project4\release\vc142.pdb
c:\users\v8101058\source\new folder\project4\project4\release\main.obj
c:\users\v8101058\source\new folder\project4\release\project4.exe
c:\users\v8101058\source\new folder\project4\project4\release\project4.ipdb
c:\users\v8101058\source\new folder\project4\project4\release\project4.iobj
c:\users\v8101058\source\new folder\project4\release\project4.pdb
c:\users\nosdu\desktop\uni\nmg\project4\release\project4.ipdb
c:\users\nosdu\desktop\uni\nmg\project4\release\project4.iobj
c:\users\nosdu\desktop\games programming project\project4\release\project4.ipdb
c:\users\nosdu\desktop\games programming project\project4\release\project4.iobj
c:\users\nosdu\desktop\games programming project\project4 - copy\release\project4.ipdb
c:\users\nosdu\desktop\games programming project\project4 - copy\release\project4.iobj
c:\users\nosdu\documents\github\gpp\project4\release\project4.ipdb
c:\users\nosdu\documents\github\gpp\project4\release\project4.iobj
c:\users\v8101058\source\new folder\project4\release\project4.ipdb
c:\users\v8101058\source\new folder\project4\release\project4.iobj
c:\users\v8101058\source\new folder\project4\project4\release\print.obj
c:\users\v8101058\source\new folder\project4\release\project4.exe.lastcodeanalysissucceeded
c:\users\v8101058\source\new folder\project4\project4\release\project4.tlog\cl.command.1.tlog
c:\users\v8101058\source\new folder\project4\project4\release\project4.tlog\cl.read.1.tlog
c:\users\v8101058\source\new folder\project4\project4\release\project4.tlog\cl.write.1.tlog
c:\users\v8101058\source\new folder\project4\project4\release\project4.tlog\link.command.1.tlog
c:\users\v8101058\source\new folder\project4\project4\release\project4.tlog\link.read.1.tlog
c:\users\v8101058\source\new folder\project4\project4\release\project4.tlog\link.write.1.tlog
c:\users\v8101058\source\new folder\project4\project4\release\project4.tlog\project4.write.1u.tlog
