sfml-network-s.lib(Socket.cpp.obj) : error LNK2038: mismatch detected for '_ITERATOR_DEBUG_LEVEL': value '0' doesn't match value '2' in main.obj
sfml-network-s.lib(Socket.cpp.obj) : error LNK2038: mismatch detected for 'RuntimeLibrary': value 'MD_DynamicRelease' doesn't match value 'MDd_DynamicDebug' in main.obj
sfml-network-s.lib(TcpSocket.cpp.obj) : error LNK2038: mismatch detected for '_ITERATOR_DEBUG_LEVEL': value '0' doesn't match value '2' in main.obj
sfml-network-s.lib(TcpSocket.cpp.obj) : error LNK2038: mismatch detected for 'RuntimeLibrary': value 'MD_DynamicRelease' doesn't match value 'MDd_DynamicDebug' in main.obj
sfml-network-s.lib(IpAddress.cpp.obj) : error LNK2038: mismatch detected for '_ITERATOR_DEBUG_LEVEL': value '0' doesn't match value '2' in main.obj
sfml-network-s.lib(IpAddress.cpp.obj) : error LNK2038: mismatch detected for 'RuntimeLibrary': value 'MD_DynamicRelease' doesn't match value 'MDd_DynamicDebug' in main.obj
sfml-network-s.lib(TcpListener.cpp.obj) : error LNK2038: mismatch detected for '_ITERATOR_DEBUG_LEVEL': value '0' doesn't match value '2' in main.obj
sfml-network-s.lib(TcpListener.cpp.obj) : error LNK2038: mismatch detected for 'RuntimeLibrary': value 'MD_DynamicRelease' doesn't match value 'MDd_DynamicDebug' in main.obj
sfml-network-s.lib(SocketImpl.cpp.obj) : error LNK2038: mismatch detected for '_ITERATOR_DEBUG_LEVEL': value '0' doesn't match value '2' in main.obj
sfml-network-s.lib(SocketImpl.cpp.obj) : error LNK2038: mismatch detected for 'RuntimeLibrary': value 'MD_DynamicRelease' doesn't match value 'MDd_DynamicDebug' in main.obj
sfml-network-s.lib(Packet.cpp.obj) : error LNK2038: mismatch detected for '_ITERATOR_DEBUG_LEVEL': value '0' doesn't match value '2' in main.obj
sfml-network-s.lib(Packet.cpp.obj) : error LNK2038: mismatch detected for 'RuntimeLibrary': value 'MD_DynamicRelease' doesn't match value 'MDd_DynamicDebug' in main.obj
sfml-network-s.lib(Http.cpp.obj) : error LNK2038: mismatch detected for '_ITERATOR_DEBUG_LEVEL': value '0' doesn't match value '2' in main.obj
sfml-network-s.lib(Http.cpp.obj) : error LNK2038: mismatch detected for 'RuntimeLibrary': value 'MD_DynamicRelease' doesn't match value 'MDd_DynamicDebug' in main.obj
LINK : warning LNK4098: defaultlib 'MSVCRT' conflicts with use of other libs; use /NODEFAULTLIB:library
sfml-network-s.lib(Socket.cpp.obj) : error LNK2019: unresolved external symbol __imp__setsockopt@20 referenced in function "protected: void __thiscall sf::Socket::create(unsigned int)" (?create@Socket@sf@@IAEXI@Z)
sfml-network-s.lib(Socket.cpp.obj) : error LNK2019: unresolved external symbol __imp__socket@12 referenced in function "protected: void __thiscall sf::Socket::create(void)" (?create@Socket@sf@@IAEXXZ)
sfml-network-s.lib(IpAddress.cpp.obj) : error LNK2001: unresolved external symbol __imp__socket@12
sfml-network-s.lib(TcpSocket.cpp.obj) : error LNK2019: unresolved external symbol __imp__connect@12 referenced in function "public: enum sf::Socket::Status __thiscall sf::TcpSocket::connect(class sf::IpAddress const &,unsigned short,class sf::Time)" (?connect@TcpSocket@sf@@QAE?AW4Status@Socket@2@ABVIpAddress@2@GVTime@2@@Z)
sfml-network-s.lib(IpAddress.cpp.obj) : error LNK2001: unresolved external symbol __imp__connect@12
sfml-network-s.lib(TcpSocket.cpp.obj) : error LNK2019: unresolved external symbol __imp__getpeername@12 referenced in function "public: enum sf::Socket::Status __thiscall sf::TcpSocket::connect(class sf::IpAddress const &,unsigned short,class sf::Time)" (?connect@TcpSocket@sf@@QAE?AW4Status@Socket@2@ABVIpAddress@2@GVTime@2@@Z)
sfml-network-s.lib(TcpSocket.cpp.obj) : error LNK2019: unresolved external symbol __imp__getsockname@12 referenced in function "public: unsigned short __thiscall sf::TcpSocket::getLocalPort(void)const " (?getLocalPort@TcpSocket@sf@@QBEGXZ)
sfml-network-s.lib(IpAddress.cpp.obj) : error LNK2001: unresolved external symbol __imp__getsockname@12
sfml-network-s.lib(TcpListener.cpp.obj) : error LNK2001: unresolved external symbol __imp__getsockname@12
sfml-network-s.lib(TcpSocket.cpp.obj) : error LNK2019: unresolved external symbol __imp__htonl@4 referenced in function "public: enum sf::Socket::Status __thiscall sf::TcpSocket::send(class sf::Packet &)" (?send@TcpSocket@sf@@QAE?AW4Status@Socket@2@AAVPacket@2@@Z)
sfml-network-s.lib(IpAddress.cpp.obj) : error LNK2001: unresolved external symbol __imp__htonl@4
sfml-network-s.lib(SocketImpl.cpp.obj) : error LNK2001: unresolved external symbol __imp__htonl@4
sfml-network-s.lib(Packet.cpp.obj) : error LNK2001: unresolved external symbol __imp__htonl@4
sfml-network-s.lib(TcpSocket.cpp.obj) : error LNK2019: unresolved external symbol __imp__ntohl@4 referenced in function "public: enum sf::Socket::Status __thiscall sf::TcpSocket::connect(class sf::IpAddress const &,unsigned short,class sf::Time)" (?connect@TcpSocket@sf@@QAE?AW4Status@Socket@2@ABVIpAddress@2@GVTime@2@@Z)
sfml-network-s.lib(IpAddress.cpp.obj) : error LNK2001: unresolved external symbol __imp__ntohl@4
sfml-network-s.lib(Packet.cpp.obj) : error LNK2001: unresolved external symbol __imp__ntohl@4
sfml-network-s.lib(TcpSocket.cpp.obj) : error LNK2019: unresolved external symbol __imp__ntohs@4 referenced in function "public: unsigned short __thiscall sf::TcpSocket::getLocalPort(void)const " (?getLocalPort@TcpSocket@sf@@QBEGXZ)
sfml-network-s.lib(TcpListener.cpp.obj) : error LNK2001: unresolved external symbol __imp__ntohs@4
sfml-network-s.lib(Packet.cpp.obj) : error LNK2001: unresolved external symbol __imp__ntohs@4
sfml-network-s.lib(TcpSocket.cpp.obj) : error LNK2019: unresolved external symbol __imp__recv@16 referenced in function "public: enum sf::Socket::Status __thiscall sf::TcpSocket::receive(class sf::Packet &)" (?receive@TcpSocket@sf@@QAE?AW4Status@Socket@2@AAVPacket@2@@Z)
sfml-network-s.lib(TcpSocket.cpp.obj) : error LNK2019: unresolved external symbol __imp__select@20 referenced in function "public: enum sf::Socket::Status __thiscall sf::TcpSocket::connect(class sf::IpAddress const &,unsigned short,class sf::Time)" (?connect@TcpSocket@sf@@QAE?AW4Status@Socket@2@ABVIpAddress@2@GVTime@2@@Z)
sfml-network-s.lib(TcpSocket.cpp.obj) : error LNK2019: unresolved external symbol __imp__send@16 referenced in function "public: enum sf::Socket::Status __thiscall sf::TcpSocket::send(void const *,unsigned int,unsigned int &)" (?send@TcpSocket@sf@@QAE?AW4Status@Socket@2@PBXIAAI@Z)
sfml-network-s.lib(IpAddress.cpp.obj) : error LNK2019: unresolved external symbol __imp__inet_addr@4 referenced in function "private: void __thiscall sf::IpAddress::resolve(class std::basic_string<char,struct std::char_traits<char>,class std::allocator<char> > const &)" (?resolve@IpAddress@sf@@AAEXABV?$basic_string@DU?$char_traits@D@std@@V?$allocator@D@2@@std@@@Z)
sfml-network-s.lib(IpAddress.cpp.obj) : error LNK2019: unresolved external symbol __imp__inet_ntoa@4 referenced in function "class std::basic_ostream<char,struct std::char_traits<char> > & __cdecl sf::operator<<(class std::basic_ostream<char,struct std::char_traits<char> > &,class sf::IpAddress const &)" (??6sf@@YAAAV?$basic_ostream@DU?$char_traits@D@std@@@std@@AAV12@ABVIpAddress@0@@Z)
sfml-network-s.lib(IpAddress.cpp.obj) : error LNK2019: unresolved external symbol __imp__getaddrinfo@16 referenced in function "private: void __thiscall sf::IpAddress::resolve(class std::basic_string<char,struct std::char_traits<char>,class std::allocator<char> > const &)" (?resolve@IpAddress@sf@@AAEXABV?$basic_string@DU?$char_traits@D@std@@V?$allocator@D@2@@std@@@Z)
sfml-network-s.lib(IpAddress.cpp.obj) : error LNK2019: unresolved external symbol __imp__freeaddrinfo@4 referenced in function "private: void __thiscall sf::IpAddress::resolve(class std::basic_string<char,struct std::char_traits<char>,class std::allocator<char> > const &)" (?resolve@IpAddress@sf@@AAEXABV?$basic_string@DU?$char_traits@D@std@@V?$allocator@D@2@@std@@@Z)
sfml-network-s.lib(TcpListener.cpp.obj) : error LNK2019: unresolved external symbol __imp__accept@12 referenced in function "public: enum sf::Socket::Status __thiscall sf::TcpListener::accept(class sf::TcpSocket &)" (?accept@TcpListener@sf@@QAE?AW4Status@Socket@2@AAVTcpSocket@2@@Z)
sfml-network-s.lib(TcpListener.cpp.obj) : error LNK2019: unresolved external symbol __imp__bind@12 referenced in function "public: enum sf::Socket::Status __thiscall sf::TcpListener::listen(unsigned short,class sf::IpAddress const &)" (?listen@TcpListener@sf@@QAE?AW4Status@Socket@2@GABVIpAddress@2@@Z)
sfml-network-s.lib(TcpListener.cpp.obj) : error LNK2019: unresolved external symbol __imp__listen@8 referenced in function "public: enum sf::Socket::Status __thiscall sf::TcpListener::listen(unsigned short,class sf::IpAddress const &)" (?listen@TcpListener@sf@@QAE?AW4Status@Socket@2@GABVIpAddress@2@@Z)
sfml-network-s.lib(SocketImpl.cpp.obj) : error LNK2019: unresolved external symbol __imp__closesocket@4 referenced in function "public: static void __cdecl sf::priv::SocketImpl::close(unsigned int)" (?close@SocketImpl@priv@sf@@SAXI@Z)
sfml-network-s.lib(SocketImpl.cpp.obj) : error LNK2019: unresolved external symbol __imp__ioctlsocket@12 referenced in function "public: static void __cdecl sf::priv::SocketImpl::setBlocking(unsigned int,bool)" (?setBlocking@SocketImpl@priv@sf@@SAXI_N@Z)
sfml-network-s.lib(SocketImpl.cpp.obj) : error LNK2019: unresolved external symbol __imp__htons@4 referenced in function "public: static struct sockaddr_in __cdecl sf::priv::SocketImpl::createAddress(unsigned int,unsigned short)" (?createAddress@SocketImpl@priv@sf@@SA?AUsockaddr_in@@IG@Z)
sfml-network-s.lib(Packet.cpp.obj) : error LNK2001: unresolved external symbol __imp__htons@4
sfml-network-s.lib(SocketImpl.cpp.obj) : error LNK2019: unresolved external symbol __imp__WSAStartup@8 referenced in function "public: __thiscall sf::priv::SocketInitializer::SocketInitializer(void)" (??0SocketInitializer@priv@sf@@QAE@XZ)
sfml-network-s.lib(SocketImpl.cpp.obj) : error LNK2019: unresolved external symbol __imp__WSACleanup@0 referenced in function "public: __thiscall sf::priv::SocketInitializer::~SocketInitializer(void)" (??1SocketInitializer@priv@sf@@QAE@XZ)
sfml-network-s.lib(SocketImpl.cpp.obj) : error LNK2019: unresolved external symbol __imp__WSAGetLastError@0 referenced in function "public: static enum sf::Socket::Status __cdecl sf::priv::SocketImpl::getErrorStatus(void)" (?getErrorStatus@SocketImpl@priv@sf@@SA?AW4Status@Socket@3@XZ)
C:\Users\Nosdu\Desktop\Uni\NMG\Project4\Debug\Project4.exe : fatal error LNK1120: 24 unresolved externals
